<?xml version="1.0" encoding="UTF-8"?>
<!-- Generated by org.testng.reporters.JUnitXMLReporter -->
<testsuite ignored="1" hostname="QSP" failures="0" tests="2" name="Default test" time="0.156" errors="0" timestamp="2021-12-01T09:42:29 IST">
  <testcase classname="testng.Test1" name="calls" time="0.036"/>
  <testcase classname="testng.Test1" name="chats" time="0.006"/>
  <testcase classname="testng.Test1" name="settings" time="0.0">
    <ignored/>
  </testcase> <!-- settings -->
</testsuite> <!-- Default test -->
