<?xml version="1.0" encoding="UTF-8"?>
<!-- Generated by org.testng.reporters.JUnitXMLReporter -->
<testsuite ignored="0" hostname="QSP" failures="1" tests="3" name="Test" time="42.466" errors="0" timestamp="2021-12-02T09:17:00 IST">
  <testcase classname="testng.Testcase1" name="tc1" time="4.469">
    <failure type="java.lang.AssertionError" message="The following asserts failed:
	expected [yryfhjfxhjghj] but found [Facebook – log in or sign up]">
      <![CDATA[java.lang.AssertionError: The following asserts failed:
expected [yryfhjfxhjghj] but found [Facebook – log in or sign up]
at testng.Testcase1.tc1(Testcase1.java:43)
at java.base/java.util.ArrayList.forEach(ArrayList.java:1511)
... Removed 29 stack frames]]>
    </failure>
  </testcase> <!-- tc1 -->
  <testcase classname="testng.Testcase2" name="tc2" time="3.044"/>
  <testcase classname="testng.Testcase3" name="tc3" time="11.711"/>
</testsuite> <!-- Test -->
