<?xml version="1.0" encoding="UTF-8"?>
<testng-results ignored="0" total="1" passed="1" failed="0" skipped="0">
  <reporter-output>
    <line>
      <![CDATA[Forgotten Password | Can't Log In | Facebook]]>
    </line>
    <line>
      <![CDATA[https://www.facebook.com/login/identify/?ctx=recover&ars=facebook_login&from_login_screen=0]]>
    </line>
    <line>
      <![CDATA[Forgotten Password | Can't Log In | Facebook]]>
    </line>
    <line>
      <![CDATA[https://www.facebook.com/login/identify/?ctx=recover&ars=facebook_login&from_login_screen=0]]>
    </line>
    <line>
      <![CDATA[Forgotten Password | Can't Log In | Facebook]]>
    </line>
    <line>
      <![CDATA[https://www.facebook.com/login/identify/?ctx=recover&ars=facebook_login&from_login_screen=0]]>
    </line>
  </reporter-output>
  <suite started-at="2021-12-03T08:23:59 IST" name="Suite" finished-at="2021-12-03T08:25:00 IST" duration-ms="61225">
    <groups>
    </groups>
    <test started-at="2021-12-03T08:23:59 IST" name="Test2" finished-at="2021-12-03T08:25:00 IST" duration-ms="61225">
      <class name="testng.Parallel">
        <test-method signature="demo(java.lang.String)[pri:0, instance:testng.Parallel@1329eff]" started-at="2021-12-03T08:23:59 IST" name="demo" finished-at="2021-12-03T08:25:00 IST" duration-ms="61112" status="PASS">
          <params>
            <param index="0">
              <value>
                <![CDATA[firefox]]>
              </value>
            </param>
          </params>
          <reporter-output>
            <line>
              <![CDATA[Forgotten Password | Can't Log In | Facebook]]>
            </line>
            <line>
              <![CDATA[https://www.facebook.com/login/identify/?ctx=recover&ars=facebook_login&from_login_screen=0]]>
            </line>
          </reporter-output>
        </test-method> <!-- demo -->
      </class> <!-- testng.Parallel -->
    </test> <!-- Test2 -->
  </suite> <!-- Suite -->
</testng-results>
